{"/Users/a12424/ts/l10n-dart/src/index.ts": {"path":"/Users/a12424/ts/l10n-dart/src/index.ts","statementMap":{"0":{"start":{"line":11,"column":23},"end":{"line":18,"column":null}},"1":{"start":{"line":12,"column":2},"end":{"line":14,"column":null}},"2":{"start":{"line":13,"column":4},"end":{"line":13,"column":null}},"3":{"start":{"line":16,"column":17},"end":{"line":16,"column":null}},"4":{"start":{"line":17,"column":2},"end":{"line":17,"column":null}},"5":{"start":{"line":23,"column":19},"end":{"line":34,"column":null}},"6":{"start":{"line":24,"column":18},"end":{"line":24,"column":null}},"7":{"start":{"line":26,"column":2},"end":{"line":26,"column":null}},"8":{"start":{"line":29,"column":2},"end":{"line":33,"column":null}},"9":{"start":{"line":30,"column":23},"end":{"line":30,"column":null}},"10":{"start":{"line":31,"column":4},"end":{"line":31,"column":null}},"11":{"start":{"line":32,"column":4},"end":{"line":32,"column":null}},"12":{"start":{"line":39,"column":25},"end":{"line":51,"column":null}},"13":{"start":{"line":40,"column":18},"end":{"line":40,"column":null}},"14":{"start":{"line":42,"column":2},"end":{"line":42,"column":null}},"15":{"start":{"line":44,"column":2},"end":{"line":44,"column":null}},"16":{"start":{"line":46,"column":2},"end":{"line":46,"column":null}},"17":{"start":{"line":47,"column":2},"end":{"line":47,"column":null}},"18":{"start":{"line":48,"column":2},"end":{"line":50,"column":null}},"19":{"start":{"line":49,"column":4},"end":{"line":49,"column":null}},"20":{"start":{"line":57,"column":19},"end":{"line":106,"column":null}},"21":{"start":{"line":58,"column":2},"end":{"line":105,"column":null}},"22":{"start":{"line":59,"column":4},"end":{"line":59,"column":null}},"23":{"start":{"line":62,"column":4},"end":{"line":62,"column":null}},"24":{"start":{"line":63,"column":10},"end":{"line":63,"column":null}},"25":{"start":{"line":64,"column":4},"end":{"line":64,"column":null}},"26":{"start":{"line":65,"column":4},"end":{"line":65,"column":null}},"27":{"start":{"line":66,"column":4},"end":{"line":66,"column":null}},"28":{"start":{"line":67,"column":4},"end":{"line":67,"column":null}},"29":{"start":{"line":70,"column":4},"end":{"line":70,"column":null}},"30":{"start":{"line":71,"column":19},"end":{"line":71,"column":null}},"31":{"start":{"line":72,"column":4},"end":{"line":72,"column":null}},"32":{"start":{"line":74,"column":4},"end":{"line":76,"column":null}},"33":{"start":{"line":75,"column":6},"end":{"line":75,"column":null}},"34":{"start":{"line":79,"column":23},"end":{"line":79,"column":null}},"35":{"start":{"line":81,"column":4},"end":{"line":98,"column":null}},"36":{"start":{"line":83,"column":8},"end":{"line":83,"column":null}},"37":{"start":{"line":84,"column":8},"end":{"line":84,"column":null}},"38":{"start":{"line":87,"column":8},"end":{"line":87,"column":null}},"39":{"start":{"line":88,"column":8},"end":{"line":88,"column":null}},"40":{"start":{"line":91,"column":8},"end":{"line":91,"column":null}},"41":{"start":{"line":92,"column":8},"end":{"line":92,"column":null}},"42":{"start":{"line":93,"column":8},"end":{"line":93,"column":null}},"43":{"start":{"line":94,"column":8},"end":{"line":94,"column":null}},"44":{"start":{"line":97,"column":8},"end":{"line":97,"column":null}},"45":{"start":{"line":100,"column":4},"end":{"line":100,"column":null}},"46":{"start":{"line":102,"column":4},"end":{"line":102,"column":null}},"47":{"start":{"line":103,"column":4},"end":{"line":103,"column":null}},"48":{"start":{"line":104,"column":4},"end":{"line":104,"column":null}}},"fnMap":{"0":{"name":"(anonymous_0)","decl":{"start":{"line":11,"column":23},"end":{"line":11,"column":24}},"loc":{"start":{"line":11,"column":57},"end":{"line":18,"column":null}},"line":11},"1":{"name":"(anonymous_1)","decl":{"start":{"line":23,"column":19},"end":{"line":23,"column":26}},"loc":{"start":{"line":23,"column":86},"end":{"line":34,"column":null}},"line":23},"2":{"name":"(anonymous_2)","decl":{"start":{"line":39,"column":25},"end":{"line":39,"column":32}},"loc":{"start":{"line":39,"column":92},"end":{"line":51,"column":null}},"line":39},"3":{"name":"(anonymous_3)","decl":{"start":{"line":48,"column":18},"end":{"line":48,"column":19}},"loc":{"start":{"line":48,"column":30},"end":{"line":50,"column":3}},"line":48},"4":{"name":"(anonymous_4)","decl":{"start":{"line":57,"column":19},"end":{"line":57,"column":26}},"loc":{"start":{"line":57,"column":95},"end":{"line":106,"column":null}},"line":57}},"branchMap":{"0":{"loc":{"start":{"line":12,"column":2},"end":{"line":14,"column":null}},"type":"if","locations":[{"start":{"line":12,"column":2},"end":{"line":14,"column":null}},{"start":{},"end":{}}],"line":12},"1":{"loc":{"start":{"line":57,"column":26},"end":{"line":57,"column":95}},"type":"default-arg","locations":[{"start":{"line":57,"column":47},"end":{"line":57,"column":95}}],"line":57},"2":{"loc":{"start":{"line":66,"column":29},"end":{"line":66,"column":56}},"type":"binary-expr","locations":[{"start":{"line":66,"column":29},"end":{"line":66,"column":50}},{"start":{"line":66,"column":50},"end":{"line":66,"column":56}}],"line":66},"3":{"loc":{"start":{"line":74,"column":4},"end":{"line":76,"column":null}},"type":"if","locations":[{"start":{"line":74,"column":4},"end":{"line":76,"column":null}},{"start":{},"end":{}}],"line":74},"4":{"loc":{"start":{"line":79,"column":23},"end":{"line":79,"column":null}},"type":"binary-expr","locations":[{"start":{"line":79,"column":23},"end":{"line":79,"column":44}},{"start":{"line":79,"column":44},"end":{"line":79,"column":null}}],"line":79},"5":{"loc":{"start":{"line":81,"column":4},"end":{"line":98,"column":null}},"type":"switch","locations":[{"start":{"line":82,"column":6},"end":{"line":84,"column":null}},{"start":{"line":86,"column":6},"end":{"line":88,"column":null}},{"start":{"line":90,"column":6},"end":{"line":94,"column":null}},{"start":{"line":96,"column":6},"end":{"line":97,"column":null}}],"line":81},"6":{"loc":{"start":{"line":103,"column":18},"end":{"line":103,"column":64}},"type":"cond-expr","locations":[{"start":{"line":103,"column":43},"end":{"line":103,"column":59}},{"start":{"line":103,"column":59},"end":{"line":103,"column":64}}],"line":103}},"s":{"0":1,"1":9,"2":0,"3":9,"4":9,"5":1,"6":5,"7":5,"8":5,"9":12,"10":12,"11":12,"12":1,"13":4,"14":4,"15":4,"16":4,"17":4,"18":4,"19":9,"20":1,"21":9,"22":9,"23":9,"24":9,"25":9,"26":9,"27":9,"28":9,"29":9,"30":9,"31":8,"32":8,"33":1,"34":7,"35":9,"36":2,"37":2,"38":1,"39":1,"40":3,"41":3,"42":3,"43":3,"44":1,"45":6,"46":3,"47":3,"48":3},"f":{"0":9,"1":5,"2":4,"3":9,"4":9},"b":{"0":[0,9],"1":[9],"2":[9,0],"3":[1,7],"4":[7,0],"5":[2,1,3,1],"6":[3,0]},"meta":{"lastBranch":7,"lastFunction":5,"lastStatement":49,"seen":{"s:11:23:18:Infinity":0,"f:11:23:11:24":0,"b:12:2:14:Infinity:undefined:undefined:undefined:undefined":0,"s:12:2:14:Infinity":1,"s:13:4:13:Infinity":2,"s:16:17:16:Infinity":3,"s:17:2:17:Infinity":4,"s:23:19:34:Infinity":5,"f:23:19:23:26":1,"s:24:18:24:Infinity":6,"s:26:2:26:Infinity":7,"s:29:2:33:Infinity":8,"s:30:23:30:Infinity":9,"s:31:4:31:Infinity":10,"s:32:4:32:Infinity":11,"s:39:25:51:Infinity":12,"f:39:25:39:32":2,"s:40:18:40:Infinity":13,"s:42:2:42:Infinity":14,"s:44:2:44:Infinity":15,"s:46:2:46:Infinity":16,"s:47:2:47:Infinity":17,"s:48:2:50:Infinity":18,"f:48:18:48:19":3,"s:49:4:49:Infinity":19,"s:57:19:106:Infinity":20,"f:57:19:57:26":4,"b:57:47:57:95":1,"s:58:2:105:Infinity":21,"s:59:4:59:Infinity":22,"s:62:4:62:Infinity":23,"s:63:10:63:Infinity":24,"s:64:4:64:Infinity":25,"s:65:4:65:Infinity":26,"s:66:4:66:Infinity":27,"b:66:29:66:50:66:50:66:56":2,"s:67:4:67:Infinity":28,"s:70:4:70:Infinity":29,"s:71:19:71:Infinity":30,"s:72:4:72:Infinity":31,"b:74:4:76:Infinity:undefined:undefined:undefined:undefined":3,"s:74:4:76:Infinity":32,"s:75:6:75:Infinity":33,"s:79:23:79:Infinity":34,"b:79:23:79:44:79:44:79:Infinity":4,"b:82:6:84:Infinity:86:6:88:Infinity:90:6:94:Infinity:96:6:97:Infinity":5,"s:81:4:98:Infinity":35,"s:83:8:83:Infinity":36,"s:84:8:84:Infinity":37,"s:87:8:87:Infinity":38,"s:88:8:88:Infinity":39,"s:91:8:91:Infinity":40,"s:92:8:92:Infinity":41,"s:93:8:93:Infinity":42,"s:94:8:94:Infinity":43,"s:97:8:97:Infinity":44,"s:100:4:100:Infinity":45,"s:102:4:102:Infinity":46,"s:103:4:103:Infinity":47,"b:103:43:103:59:103:59:103:64":6,"s:104:4:104:Infinity":48}}}
,"/Users/a12424/ts/l10n-dart/src/helpers/config-loader.ts": {"path":"/Users/a12424/ts/l10n-dart/src/helpers/config-loader.ts","statementMap":{"0":{"start":{"line":6,"column":26},"end":{"line":44,"column":null}},"1":{"start":{"line":8,"column":23},"end":{"line":10,"column":null}},"2":{"start":{"line":13,"column":2},"end":{"line":15,"column":null}},"3":{"start":{"line":14,"column":4},"end":{"line":14,"column":null}},"4":{"start":{"line":19,"column":2},"end":{"line":26,"column":null}},"5":{"start":{"line":20,"column":25},"end":{"line":20,"column":null}},"6":{"start":{"line":21,"column":4},"end":{"line":21,"column":null}},"7":{"start":{"line":23,"column":4},"end":{"line":25,"column":null}},"8":{"start":{"line":29,"column":2},"end":{"line":31,"column":null}},"9":{"start":{"line":30,"column":4},"end":{"line":30,"column":null}},"10":{"start":{"line":34,"column":2},"end":{"line":36,"column":null}},"11":{"start":{"line":35,"column":4},"end":{"line":35,"column":null}},"12":{"start":{"line":39,"column":2},"end":{"line":41,"column":null}},"13":{"start":{"line":40,"column":4},"end":{"line":40,"column":null}},"14":{"start":{"line":43,"column":2},"end":{"line":43,"column":null}}},"fnMap":{"0":{"name":"(anonymous_0)","decl":{"start":{"line":6,"column":26},"end":{"line":6,"column":27}},"loc":{"start":{"line":6,"column":58},"end":{"line":44,"column":null}},"line":6}},"branchMap":{"0":{"loc":{"start":{"line":8,"column":23},"end":{"line":10,"column":null}},"type":"cond-expr","locations":[{"start":{"line":9,"column":6},"end":{"line":9,"column":null}},{"start":{"line":10,"column":6},"end":{"line":10,"column":null}}],"line":8},"1":{"loc":{"start":{"line":13,"column":2},"end":{"line":15,"column":null}},"type":"if","locations":[{"start":{"line":13,"column":2},"end":{"line":15,"column":null}},{"start":{},"end":{}}],"line":13},"2":{"loc":{"start":{"line":24,"column":29},"end":{"line":24,"column":75}},"type":"cond-expr","locations":[{"start":{"line":24,"column":54},"end":{"line":24,"column":70}},{"start":{"line":24,"column":70},"end":{"line":24,"column":75}}],"line":24},"3":{"loc":{"start":{"line":29,"column":2},"end":{"line":31,"column":null}},"type":"if","locations":[{"start":{"line":29,"column":2},"end":{"line":31,"column":null}},{"start":{},"end":{}}],"line":29},"4":{"loc":{"start":{"line":29,"column":6},"end":{"line":29,"column":64}},"type":"binary-expr","locations":[{"start":{"line":29,"column":6},"end":{"line":29,"column":26}},{"start":{"line":29,"column":26},"end":{"line":29,"column":42}},{"start":{"line":29,"column":42},"end":{"line":29,"column":64}}],"line":29},"5":{"loc":{"start":{"line":34,"column":2},"end":{"line":36,"column":null}},"type":"if","locations":[{"start":{"line":34,"column":2},"end":{"line":36,"column":null}},{"start":{},"end":{}}],"line":34},"6":{"loc":{"start":{"line":39,"column":2},"end":{"line":41,"column":null}},"type":"if","locations":[{"start":{"line":39,"column":2},"end":{"line":41,"column":null}},{"start":{},"end":{}}],"line":39}},"s":{"0":2,"1":22,"2":22,"3":2,"4":20,"5":20,"6":20,"7":1,"8":19,"9":3,"10":16,"11":5,"12":16,"13":15,"14":16},"f":{"0":22},"b":{"0":[21,1],"1":[2,20],"2":[1,0],"3":[3,16],"4":[19,18,17],"5":[5,11],"6":[15,1]},"meta":{"lastBranch":7,"lastFunction":1,"lastStatement":15,"seen":{"s:6:26:44:Infinity":0,"f:6:26:6:27":0,"s:8:23:10:Infinity":1,"b:9:6:9:Infinity:10:6:10:Infinity":0,"b:13:2:15:Infinity:undefined:undefined:undefined:undefined":1,"s:13:2:15:Infinity":2,"s:14:4:14:Infinity":3,"s:19:2:26:Infinity":4,"s:20:25:20:Infinity":5,"s:21:4:21:Infinity":6,"s:23:4:25:Infinity":7,"b:24:54:24:70:24:70:24:75":2,"b:29:2:31:Infinity:undefined:undefined:undefined:undefined":3,"s:29:2:31:Infinity":8,"b:29:6:29:26:29:26:29:42:29:42:29:64":4,"s:30:4:30:Infinity":9,"b:34:2:36:Infinity:undefined:undefined:undefined:undefined":5,"s:34:2:36:Infinity":10,"s:35:4:35:Infinity":11,"b:39:2:41:Infinity:undefined:undefined:undefined:undefined":6,"s:39:2:41:Infinity":12,"s:40:4:40:Infinity":13,"s:43:2:43:Infinity":14}}}
,"/Users/a12424/ts/l10n-dart/src/helpers/exporter.ts": {"path":"/Users/a12424/ts/l10n-dart/src/helpers/exporter.ts","statementMap":{"0":{"start":{"line":5,"column":28},"end":{"line":22,"column":null}},"1":{"start":{"line":6,"column":2},"end":{"line":6,"column":null}},"2":{"start":{"line":6,"column":13},"end":{"line":6,"column":null}},"3":{"start":{"line":7,"column":18},"end":{"line":7,"column":null}},"4":{"start":{"line":8,"column":2},"end":{"line":8,"column":null}},"5":{"start":{"line":8,"column":40},"end":{"line":8,"column":null}},"6":{"start":{"line":9,"column":17},"end":{"line":9,"column":null}},"7":{"start":{"line":9,"column":36},"end":{"line":9,"column":50}},"8":{"start":{"line":9,"column":67},"end":{"line":9,"column":68}},"9":{"start":{"line":13,"column":6},"end":{"line":13,"column":null}},"10":{"start":{"line":14,"column":2},"end":{"line":19,"column":null}},"11":{"start":{"line":15,"column":4},"end":{"line":18,"column":null}},"12":{"start":{"line":21,"column":2},"end":{"line":21,"column":null}},"13":{"start":{"line":24,"column":37},"end":{"line":33,"column":null}},"14":{"start":{"line":25,"column":2},"end":{"line":25,"column":null}},"15":{"start":{"line":25,"column":13},"end":{"line":25,"column":null}},"16":{"start":{"line":26,"column":18},"end":{"line":26,"column":null}},"17":{"start":{"line":27,"column":2},"end":{"line":27,"column":null}},"18":{"start":{"line":27,"column":40},"end":{"line":27,"column":null}},"19":{"start":{"line":28,"column":17},"end":{"line":28,"column":null}},"20":{"start":{"line":28,"column":36},"end":{"line":28,"column":50}},"21":{"start":{"line":28,"column":67},"end":{"line":28,"column":68}},"22":{"start":{"line":30,"column":2},"end":{"line":32,"column":null}},"23":{"start":{"line":31,"column":16},"end":{"line":31,"column":31}},"24":{"start":{"line":32,"column":50},"end":{"line":32,"column":86}},"25":{"start":{"line":35,"column":30},"end":{"line":60,"column":null}},"26":{"start":{"line":37,"column":17},"end":{"line":37,"column":null}},"27":{"start":{"line":38,"column":2},"end":{"line":38,"column":null}},"28":{"start":{"line":38,"column":15},"end":{"line":38,"column":null}},"29":{"start":{"line":39,"column":22},"end":{"line":39,"column":null}},"30":{"start":{"line":39,"column":46},"end":{"line":39,"column":57}},"31":{"start":{"line":41,"column":16},"end":{"line":56,"column":null}},"32":{"start":{"line":43,"column":44},"end":{"line":43,"column":null}},"33":{"start":{"line":44,"column":23},"end":{"line":44,"column":null}},"34":{"start":{"line":45,"column":19},"end":{"line":45,"column":null}},"35":{"start":{"line":46,"column":6},"end":{"line":46,"column":null}},"36":{"start":{"line":47,"column":27},"end":{"line":47,"column":null}},"37":{"start":{"line":48,"column":6},"end":{"line":51,"column":null}},"38":{"start":{"line":52,"column":6},"end":{"line":52,"column":null}},"39":{"start":{"line":55,"column":6},"end":{"line":55,"column":null}},"40":{"start":{"line":58,"column":13},"end":{"line":58,"column":null}},"41":{"start":{"line":59,"column":2},"end":{"line":59,"column":null}},"42":{"start":{"line":62,"column":41},"end":{"line":126,"column":null}},"43":{"start":{"line":64,"column":17},"end":{"line":64,"column":null}},"44":{"start":{"line":65,"column":2},"end":{"line":65,"column":null}},"45":{"start":{"line":65,"column":15},"end":{"line":65,"column":null}},"46":{"start":{"line":68,"column":18},"end":{"line":68,"column":null}},"47":{"start":{"line":71,"column":19},"end":{"line":71,"column":null}},"48":{"start":{"line":74,"column":16},"end":{"line":82,"column":null}},"49":{"start":{"line":75,"column":48},"end":{"line":75,"column":null}},"50":{"start":{"line":76,"column":29},"end":{"line":76,"column":null}},"51":{"start":{"line":77,"column":4},"end":{"line":81,"column":null}},"52":{"start":{"line":84,"column":2},"end":{"line":87,"column":null}},"53":{"start":{"line":90,"column":20},"end":{"line":102,"column":null}},"54":{"start":{"line":92,"column":50},"end":{"line":92,"column":null}},"55":{"start":{"line":93,"column":31},"end":{"line":93,"column":null}},"56":{"start":{"line":94,"column":19},"end":{"line":94,"column":null}},"57":{"start":{"line":95,"column":6},"end":{"line":95,"column":null}},"58":{"start":{"line":95,"column":17},"end":{"line":95,"column":null}},"59":{"start":{"line":96,"column":6},"end":{"line":100,"column":null}},"60":{"start":{"line":102,"column":39},"end":{"line":102,"column":54}},"61":{"start":{"line":104,"column":27},"end":{"line":105,"column":null}},"62":{"start":{"line":107,"column":2},"end":{"line":107,"column":null}},"63":{"start":{"line":110,"column":19},"end":{"line":110,"column":null}},"64":{"start":{"line":112,"column":2},"end":{"line":125,"column":null}},"65":{"start":{"line":113,"column":18},"end":{"line":122,"column":null}},"66":{"start":{"line":115,"column":42},"end":{"line":115,"column":null}},"67":{"start":{"line":116,"column":27},"end":{"line":116,"column":null}},"68":{"start":{"line":117,"column":8},"end":{"line":117,"column":null}},"69":{"start":{"line":118,"column":8},"end":{"line":118,"column":null}},"70":{"start":{"line":121,"column":8},"end":{"line":121,"column":null}},"71":{"start":{"line":124,"column":4},"end":{"line":124,"column":null}}},"fnMap":{"0":{"name":"(anonymous_0)","decl":{"start":{"line":5,"column":28},"end":{"line":5,"column":29}},"loc":{"start":{"line":5,"column":46},"end":{"line":22,"column":null}},"line":5},"1":{"name":"(anonymous_1)","decl":{"start":{"line":9,"column":29},"end":{"line":9,"column":30}},"loc":{"start":{"line":9,"column":36},"end":{"line":9,"column":50}},"line":9},"2":{"name":"(anonymous_2)","decl":{"start":{"line":9,"column":60},"end":{"line":9,"column":61}},"loc":{"start":{"line":9,"column":67},"end":{"line":9,"column":68}},"line":9},"3":{"name":"(anonymous_3)","decl":{"start":{"line":14,"column":17},"end":{"line":14,"column":18}},"loc":{"start":{"line":14,"column":24},"end":{"line":19,"column":3}},"line":14},"4":{"name":"(anonymous_4)","decl":{"start":{"line":24,"column":37},"end":{"line":24,"column":38}},"loc":{"start":{"line":24,"column":68},"end":{"line":33,"column":null}},"line":24},"5":{"name":"(anonymous_5)","decl":{"start":{"line":28,"column":29},"end":{"line":28,"column":30}},"loc":{"start":{"line":28,"column":36},"end":{"line":28,"column":50}},"line":28},"6":{"name":"(anonymous_6)","decl":{"start":{"line":28,"column":60},"end":{"line":28,"column":61}},"loc":{"start":{"line":28,"column":67},"end":{"line":28,"column":68}},"line":28},"7":{"name":"(anonymous_7)","decl":{"start":{"line":31,"column":9},"end":{"line":31,"column":10}},"loc":{"start":{"line":31,"column":16},"end":{"line":31,"column":31}},"line":31},"8":{"name":"(anonymous_8)","decl":{"start":{"line":32,"column":43},"end":{"line":32,"column":44}},"loc":{"start":{"line":32,"column":50},"end":{"line":32,"column":86}},"line":32},"9":{"name":"(anonymous_9)","decl":{"start":{"line":35,"column":30},"end":{"line":35,"column":37}},"loc":{"start":{"line":35,"column":105},"end":{"line":60,"column":null}},"line":35},"10":{"name":"(anonymous_10)","decl":{"start":{"line":39,"column":39},"end":{"line":39,"column":40}},"loc":{"start":{"line":39,"column":46},"end":{"line":39,"column":57}},"line":39},"11":{"name":"(anonymous_11)","decl":{"start":{"line":42,"column":9},"end":{"line":42,"column":10}},"loc":{"start":{"line":42,"column":29},"end":{"line":53,"column":5}},"line":42},"12":{"name":"(anonymous_12)","decl":{"start":{"line":54,"column":12},"end":{"line":54,"column":13}},"loc":{"start":{"line":54,"column":55},"end":{"line":56,"column":5}},"line":54},"13":{"name":"(anonymous_13)","decl":{"start":{"line":62,"column":41},"end":{"line":62,"column":48}},"loc":{"start":{"line":62,"column":93},"end":{"line":126,"column":null}},"line":62},"14":{"name":"(anonymous_14)","decl":{"start":{"line":74,"column":29},"end":{"line":74,"column":30}},"loc":{"start":{"line":74,"column":49},"end":{"line":82,"column":3}},"line":74},"15":{"name":"(anonymous_15)","decl":{"start":{"line":91,"column":9},"end":{"line":91,"column":10}},"loc":{"start":{"line":91,"column":29},"end":{"line":101,"column":5}},"line":91},"16":{"name":"(anonymous_16)","decl":{"start":{"line":102,"column":12},"end":{"line":102,"column":13}},"loc":{"start":{"line":102,"column":39},"end":{"line":102,"column":54}},"line":102},"17":{"name":"(anonymous_17)","decl":{"start":{"line":112,"column":18},"end":{"line":112,"column":19}},"loc":{"start":{"line":112,"column":37},"end":{"line":125,"column":3}},"line":112},"18":{"name":"(anonymous_18)","decl":{"start":{"line":114,"column":11},"end":{"line":114,"column":12}},"loc":{"start":{"line":114,"column":31},"end":{"line":119,"column":7}},"line":114},"19":{"name":"(anonymous_19)","decl":{"start":{"line":120,"column":14},"end":{"line":120,"column":15}},"loc":{"start":{"line":120,"column":57},"end":{"line":122,"column":9}},"line":120}},"branchMap":{"0":{"loc":{"start":{"line":6,"column":2},"end":{"line":6,"column":null}},"type":"if","locations":[{"start":{"line":6,"column":2},"end":{"line":6,"column":null}},{"start":{},"end":{}}],"line":6},"1":{"loc":{"start":{"line":8,"column":2},"end":{"line":8,"column":null}},"type":"if","locations":[{"start":{"line":8,"column":2},"end":{"line":8,"column":null}},{"start":{},"end":{}}],"line":8},"2":{"loc":{"start":{"line":8,"column":6},"end":{"line":8,"column":40}},"type":"binary-expr","locations":[{"start":{"line":8,"column":6},"end":{"line":8,"column":18}},{"start":{"line":8,"column":18},"end":{"line":8,"column":40}}],"line":8},"3":{"loc":{"start":{"line":25,"column":2},"end":{"line":25,"column":null}},"type":"if","locations":[{"start":{"line":25,"column":2},"end":{"line":25,"column":null}},{"start":{},"end":{}}],"line":25},"4":{"loc":{"start":{"line":27,"column":2},"end":{"line":27,"column":null}},"type":"if","locations":[{"start":{"line":27,"column":2},"end":{"line":27,"column":null}},{"start":{},"end":{}}],"line":27},"5":{"loc":{"start":{"line":27,"column":6},"end":{"line":27,"column":40}},"type":"binary-expr","locations":[{"start":{"line":27,"column":6},"end":{"line":27,"column":18}},{"start":{"line":27,"column":18},"end":{"line":27,"column":40}}],"line":27},"6":{"loc":{"start":{"line":38,"column":2},"end":{"line":38,"column":null}},"type":"if","locations":[{"start":{"line":38,"column":2},"end":{"line":38,"column":null}},{"start":{},"end":{}}],"line":38},"7":{"loc":{"start":{"line":65,"column":2},"end":{"line":65,"column":null}},"type":"if","locations":[{"start":{"line":65,"column":2},"end":{"line":65,"column":null}},{"start":{},"end":{}}],"line":65},"8":{"loc":{"start":{"line":76,"column":29},"end":{"line":76,"column":null}},"type":"binary-expr","locations":[{"start":{"line":76,"column":29},"end":{"line":76,"column":48}},{"start":{"line":76,"column":48},"end":{"line":76,"column":null}}],"line":76},"9":{"loc":{"start":{"line":93,"column":31},"end":{"line":93,"column":null}},"type":"binary-expr","locations":[{"start":{"line":93,"column":31},"end":{"line":93,"column":50}},{"start":{"line":93,"column":50},"end":{"line":93,"column":null}}],"line":93},"10":{"loc":{"start":{"line":95,"column":6},"end":{"line":95,"column":null}},"type":"if","locations":[{"start":{"line":95,"column":6},"end":{"line":95,"column":null}},{"start":{},"end":{}}],"line":95},"11":{"loc":{"start":{"line":117,"column":21},"end":{"line":117,"column":null}},"type":"binary-expr","locations":[{"start":{"line":117,"column":21},"end":{"line":117,"column":44}},{"start":{"line":117,"column":44},"end":{"line":117,"column":null}}],"line":117}},"s":{"0":2,"1":43,"2":0,"3":43,"4":43,"5":31,"6":12,"7":12,"8":12,"9":12,"10":12,"11":12,"12":12,"13":2,"14":23,"15":0,"16":23,"17":23,"18":17,"19":6,"20":6,"21":6,"22":6,"23":6,"24":6,"25":2,"26":19,"27":19,"28":1,"29":18,"30":66,"31":18,"32":43,"33":43,"34":43,"35":43,"36":43,"37":43,"38":43,"39":26,"40":18,"41":18,"42":2,"43":11,"44":11,"45":0,"46":11,"47":11,"48":11,"49":23,"50":23,"51":23,"52":11,"53":11,"54":23,"55":23,"56":23,"57":23,"58":17,"59":6,"60":23,"61":11,"62":11,"63":11,"64":11,"65":24,"66":53,"67":53,"68":53,"69":53,"70":53,"71":24},"f":{"0":43,"1":12,"2":12,"3":12,"4":23,"5":6,"6":6,"7":6,"8":6,"9":19,"10":66,"11":43,"12":26,"13":11,"14":23,"15":23,"16":23,"17":24,"18":53,"19":53},"b":{"0":[0,43],"1":[31,12],"2":[43,12],"3":[0,23],"4":[17,6],"5":[23,6],"6":[1,18],"7":[0,11],"8":[23,0],"9":[23,0],"10":[17,6],"11":[53,0]},"meta":{"lastBranch":12,"lastFunction":20,"lastStatement":72,"seen":{"s:5:28:22:Infinity":0,"f:5:28:5:29":0,"b:6:2:6:Infinity:undefined:undefined:undefined:undefined":0,"s:6:2:6:Infinity":1,"s:6:13:6:Infinity":2,"s:7:18:7:Infinity":3,"b:8:2:8:Infinity:undefined:undefined:undefined:undefined":1,"s:8:2:8:Infinity":4,"b:8:6:8:18:8:18:8:40":2,"s:8:40:8:Infinity":5,"s:9:17:9:Infinity":6,"f:9:29:9:30":1,"s:9:36:9:50":7,"f:9:60:9:61":2,"s:9:67:9:68":8,"s:13:6:13:Infinity":9,"s:14:2:19:Infinity":10,"f:14:17:14:18":3,"s:15:4:18:Infinity":11,"s:21:2:21:Infinity":12,"s:24:37:33:Infinity":13,"f:24:37:24:38":4,"b:25:2:25:Infinity:undefined:undefined:undefined:undefined":3,"s:25:2:25:Infinity":14,"s:25:13:25:Infinity":15,"s:26:18:26:Infinity":16,"b:27:2:27:Infinity:undefined:undefined:undefined:undefined":4,"s:27:2:27:Infinity":17,"b:27:6:27:18:27:18:27:40":5,"s:27:40:27:Infinity":18,"s:28:17:28:Infinity":19,"f:28:29:28:30":5,"s:28:36:28:50":20,"f:28:60:28:61":6,"s:28:67:28:68":21,"s:30:2:32:Infinity":22,"f:31:9:31:10":7,"s:31:16:31:31":23,"f:32:43:32:44":8,"s:32:50:32:86":24,"s:35:30:60:Infinity":25,"f:35:30:35:37":9,"s:37:17:37:Infinity":26,"b:38:2:38:Infinity:undefined:undefined:undefined:undefined":6,"s:38:2:38:Infinity":27,"s:38:15:38:Infinity":28,"s:39:22:39:Infinity":29,"f:39:39:39:40":10,"s:39:46:39:57":30,"s:41:16:56:Infinity":31,"f:42:9:42:10":11,"s:43:44:43:Infinity":32,"s:44:23:44:Infinity":33,"s:45:19:45:Infinity":34,"s:46:6:46:Infinity":35,"s:47:27:47:Infinity":36,"s:48:6:51:Infinity":37,"s:52:6:52:Infinity":38,"f:54:12:54:13":12,"s:55:6:55:Infinity":39,"s:58:13:58:Infinity":40,"s:59:2:59:Infinity":41,"s:62:41:126:Infinity":42,"f:62:41:62:48":13,"s:64:17:64:Infinity":43,"b:65:2:65:Infinity:undefined:undefined:undefined:undefined":7,"s:65:2:65:Infinity":44,"s:65:15:65:Infinity":45,"s:68:18:68:Infinity":46,"s:71:19:71:Infinity":47,"s:74:16:82:Infinity":48,"f:74:29:74:30":14,"s:75:48:75:Infinity":49,"s:76:29:76:Infinity":50,"b:76:29:76:48:76:48:76:Infinity":8,"s:77:4:81:Infinity":51,"s:84:2:87:Infinity":52,"s:90:20:102:Infinity":53,"f:91:9:91:10":15,"s:92:50:92:Infinity":54,"s:93:31:93:Infinity":55,"b:93:31:93:50:93:50:93:Infinity":9,"s:94:19:94:Infinity":56,"b:95:6:95:Infinity:undefined:undefined:undefined:undefined":10,"s:95:6:95:Infinity":57,"s:95:17:95:Infinity":58,"s:96:6:100:Infinity":59,"f:102:12:102:13":16,"s:102:39:102:54":60,"s:104:27:105:Infinity":61,"s:107:2:107:Infinity":62,"s:110:19:110:Infinity":63,"s:112:2:125:Infinity":64,"f:112:18:112:19":17,"s:113:18:122:Infinity":65,"f:114:11:114:12":18,"s:115:42:115:Infinity":66,"s:116:27:116:Infinity":67,"s:117:8:117:Infinity":68,"b:117:21:117:44:117:44:117:Infinity":11,"s:118:8:118:Infinity":69,"f:120:14:120:15":19,"s:121:8:121:Infinity":70,"s:124:4:124:Infinity":71}}}
,"/Users/a12424/ts/l10n-dart/src/helpers/importer.ts": {"path":"/Users/a12424/ts/l10n-dart/src/helpers/importer.ts","statementMap":{"0":{"start":{"line":10,"column":29},"end":{"line":19,"column":null}},"1":{"start":{"line":11,"column":17},"end":{"line":11,"column":null}},"2":{"start":{"line":13,"column":8},"end":{"line":13,"column":null}},"3":{"start":{"line":14,"column":28},"end":{"line":14,"column":null}},"4":{"start":{"line":15,"column":2},"end":{"line":17,"column":null}},"5":{"start":{"line":16,"column":4},"end":{"line":16,"column":null}},"6":{"start":{"line":16,"column":25},"end":{"line":16,"column":null}},"7":{"start":{"line":18,"column":2},"end":{"line":18,"column":null}},"8":{"start":{"line":22,"column":57},"end":{"line":46,"column":null}},"9":{"start":{"line":24,"column":22},"end":{"line":24,"column":null}},"10":{"start":{"line":25,"column":27},"end":{"line":25,"column":null}},"11":{"start":{"line":27,"column":2},"end":{"line":30,"column":null}},"12":{"start":{"line":28,"column":18},"end":{"line":28,"column":null}},"13":{"start":{"line":29,"column":4},"end":{"line":29,"column":null}},"14":{"start":{"line":32,"column":19},"end":{"line":32,"column":null}},"15":{"start":{"line":33,"column":20},"end":{"line":33,"column":null}},"16":{"start":{"line":36,"column":14},"end":{"line":36,"column":null}},"17":{"start":{"line":37,"column":19},"end":{"line":37,"column":null}},"18":{"start":{"line":39,"column":2},"end":{"line":42,"column":null}},"19":{"start":{"line":40,"column":18},"end":{"line":40,"column":null}},"20":{"start":{"line":41,"column":4},"end":{"line":41,"column":null}},"21":{"start":{"line":44,"column":19},"end":{"line":44,"column":null}},"22":{"start":{"line":45,"column":2},"end":{"line":45,"column":null}},"23":{"start":{"line":49,"column":77},"end":{"line":77,"column":null}},"24":{"start":{"line":50,"column":2},"end":{"line":52,"column":null}},"25":{"start":{"line":51,"column":4},"end":{"line":51,"column":null}},"26":{"start":{"line":55,"column":22},"end":{"line":55,"column":null}},"27":{"start":{"line":56,"column":27},"end":{"line":56,"column":null}},"28":{"start":{"line":58,"column":2},"end":{"line":61,"column":null}},"29":{"start":{"line":59,"column":18},"end":{"line":59,"column":null}},"30":{"start":{"line":60,"column":4},"end":{"line":60,"column":null}},"31":{"start":{"line":63,"column":19},"end":{"line":63,"column":null}},"32":{"start":{"line":64,"column":20},"end":{"line":64,"column":null}},"33":{"start":{"line":67,"column":14},"end":{"line":67,"column":null}},"34":{"start":{"line":68,"column":19},"end":{"line":68,"column":null}},"35":{"start":{"line":70,"column":2},"end":{"line":73,"column":null}},"36":{"start":{"line":71,"column":18},"end":{"line":71,"column":null}},"37":{"start":{"line":72,"column":4},"end":{"line":72,"column":null}},"38":{"start":{"line":75,"column":19},"end":{"line":75,"column":null}},"39":{"start":{"line":76,"column":2},"end":{"line":76,"column":null}},"40":{"start":{"line":81,"column":71},"end":{"line":123,"column":null}},"41":{"start":{"line":82,"column":2},"end":{"line":84,"column":null}},"42":{"start":{"line":83,"column":4},"end":{"line":83,"column":null}},"43":{"start":{"line":86,"column":15},"end":{"line":86,"column":null}},"44":{"start":{"line":87,"column":2},"end":{"line":87,"column":null}},"45":{"start":{"line":89,"column":17},"end":{"line":89,"column":null}},"46":{"start":{"line":92,"column":16},"end":{"line":92,"column":null}},"47":{"start":{"line":93,"column":2},"end":{"line":95,"column":null}},"48":{"start":{"line":94,"column":4},"end":{"line":94,"column":null}},"49":{"start":{"line":96,"column":24},"end":{"line":96,"column":null}},"50":{"start":{"line":99,"column":22},"end":{"line":101,"column":null}},"51":{"start":{"line":104,"column":25},"end":{"line":104,"column":null}},"52":{"start":{"line":106,"column":2},"end":{"line":115,"column":null}},"53":{"start":{"line":108,"column":18},"end":{"line":110,"column":null}},"54":{"start":{"line":109,"column":13},"end":{"line":109,"column":null}},"55":{"start":{"line":111,"column":4},"end":{"line":111,"column":null}},"56":{"start":{"line":114,"column":4},"end":{"line":114,"column":null}},"57":{"start":{"line":117,"column":19},"end":{"line":120,"column":null}},"58":{"start":{"line":122,"column":2},"end":{"line":122,"column":null}},"59":{"start":{"line":127,"column":77},"end":{"line":179,"column":null}},"60":{"start":{"line":128,"column":2},"end":{"line":130,"column":null}},"61":{"start":{"line":129,"column":4},"end":{"line":129,"column":null}},"62":{"start":{"line":132,"column":17},"end":{"line":132,"column":null}},"63":{"start":{"line":135,"column":22},"end":{"line":135,"column":null}},"64":{"start":{"line":136,"column":2},"end":{"line":143,"column":null}},"65":{"start":{"line":138,"column":20},"end":{"line":141,"column":null}},"66":{"start":{"line":142,"column":4},"end":{"line":142,"column":null}},"67":{"start":{"line":145,"column":17},"end":{"line":145,"column":null}},"68":{"start":{"line":148,"column":16},"end":{"line":148,"column":null}},"69":{"start":{"line":149,"column":2},"end":{"line":151,"column":null}},"70":{"start":{"line":150,"column":4},"end":{"line":150,"column":null}},"71":{"start":{"line":152,"column":24},"end":{"line":152,"column":null}},"72":{"start":{"line":155,"column":22},"end":{"line":157,"column":null}},"73":{"start":{"line":160,"column":25},"end":{"line":160,"column":null}},"74":{"start":{"line":162,"column":2},"end":{"line":171,"column":null}},"75":{"start":{"line":164,"column":18},"end":{"line":166,"column":null}},"76":{"start":{"line":165,"column":13},"end":{"line":165,"column":null}},"77":{"start":{"line":167,"column":4},"end":{"line":167,"column":null}},"78":{"start":{"line":170,"column":4},"end":{"line":170,"column":null}},"79":{"start":{"line":173,"column":19},"end":{"line":176,"column":null}},"80":{"start":{"line":178,"column":2},"end":{"line":178,"column":null}},"81":{"start":{"line":183,"column":42},"end":{"line":199,"column":null}},"82":{"start":{"line":184,"column":2},"end":{"line":198,"column":null}},"83":{"start":{"line":186,"column":6},"end":{"line":186,"column":null}},"84":{"start":{"line":188,"column":6},"end":{"line":197,"column":null}},"85":{"start":{"line":190,"column":10},"end":{"line":190,"column":null}},"86":{"start":{"line":192,"column":10},"end":{"line":192,"column":null}},"87":{"start":{"line":194,"column":10},"end":{"line":194,"column":null}},"88":{"start":{"line":196,"column":10},"end":{"line":196,"column":null}}},"fnMap":{"0":{"name":"(anonymous_0)","decl":{"start":{"line":10,"column":29},"end":{"line":10,"column":36}},"loc":{"start":{"line":10,"column":49},"end":{"line":19,"column":null}},"line":10},"1":{"name":"(anonymous_1)","decl":{"start":{"line":22,"column":57},"end":{"line":22,"column":64}},"loc":{"start":{"line":22,"column":79},"end":{"line":46,"column":null}},"line":22},"2":{"name":"(anonymous_2)","decl":{"start":{"line":49,"column":77},"end":{"line":49,"column":84}},"loc":{"start":{"line":49,"column":107},"end":{"line":77,"column":null}},"line":49},"3":{"name":"(anonymous_3)","decl":{"start":{"line":81,"column":71},"end":{"line":81,"column":78}},"loc":{"start":{"line":81,"column":94},"end":{"line":123,"column":null}},"line":81},"4":{"name":"(anonymous_4)","decl":{"start":{"line":109,"column":6},"end":{"line":109,"column":7}},"loc":{"start":{"line":109,"column":13},"end":{"line":109,"column":null}},"line":109},"5":{"name":"(anonymous_5)","decl":{"start":{"line":127,"column":77},"end":{"line":127,"column":84}},"loc":{"start":{"line":127,"column":100},"end":{"line":179,"column":null}},"line":127},"6":{"name":"(anonymous_6)","decl":{"start":{"line":165,"column":6},"end":{"line":165,"column":7}},"loc":{"start":{"line":165,"column":13},"end":{"line":165,"column":null}},"line":165},"7":{"name":"(anonymous_7)","decl":{"start":{"line":183,"column":42},"end":{"line":183,"column":49}},"loc":{"start":{"line":183,"column":68},"end":{"line":199,"column":null}},"line":183}},"branchMap":{"0":{"loc":{"start":{"line":16,"column":4},"end":{"line":16,"column":null}},"type":"if","locations":[{"start":{"line":16,"column":4},"end":{"line":16,"column":null}},{"start":{},"end":{}}],"line":16},"1":{"loc":{"start":{"line":27,"column":2},"end":{"line":30,"column":null}},"type":"if","locations":[{"start":{"line":27,"column":2},"end":{"line":30,"column":null}},{"start":{},"end":{}}],"line":27},"2":{"loc":{"start":{"line":29,"column":61},"end":{"line":29,"column":112}},"type":"binary-expr","locations":[{"start":{"line":29,"column":61},"end":{"line":29,"column":85}},{"start":{"line":29,"column":85},"end":{"line":29,"column":112}}],"line":29},"3":{"loc":{"start":{"line":33,"column":20},"end":{"line":33,"column":null}},"type":"binary-expr","locations":[{"start":{"line":33,"column":20},"end":{"line":33,"column":63}},{"start":{"line":33,"column":63},"end":{"line":33,"column":null}}],"line":33},"4":{"loc":{"start":{"line":39,"column":2},"end":{"line":42,"column":null}},"type":"if","locations":[{"start":{"line":39,"column":2},"end":{"line":42,"column":null}},{"start":{},"end":{}}],"line":39},"5":{"loc":{"start":{"line":41,"column":59},"end":{"line":41,"column":102}},"type":"binary-expr","locations":[{"start":{"line":41,"column":59},"end":{"line":41,"column":83}},{"start":{"line":41,"column":83},"end":{"line":41,"column":102}}],"line":41},"6":{"loc":{"start":{"line":45,"column":9},"end":{"line":45,"column":null}},"type":"binary-expr","locations":[{"start":{"line":45,"column":9},"end":{"line":45,"column":28}},{"start":{"line":45,"column":28},"end":{"line":45,"column":null}}],"line":45},"7":{"loc":{"start":{"line":50,"column":2},"end":{"line":52,"column":null}},"type":"if","locations":[{"start":{"line":50,"column":2},"end":{"line":52,"column":null}},{"start":{},"end":{}}],"line":50},"8":{"loc":{"start":{"line":58,"column":2},"end":{"line":61,"column":null}},"type":"if","locations":[{"start":{"line":58,"column":2},"end":{"line":61,"column":null}},{"start":{},"end":{}}],"line":58},"9":{"loc":{"start":{"line":60,"column":61},"end":{"line":60,"column":112}},"type":"binary-expr","locations":[{"start":{"line":60,"column":61},"end":{"line":60,"column":85}},{"start":{"line":60,"column":85},"end":{"line":60,"column":112}}],"line":60},"10":{"loc":{"start":{"line":64,"column":20},"end":{"line":64,"column":null}},"type":"binary-expr","locations":[{"start":{"line":64,"column":20},"end":{"line":64,"column":63}},{"start":{"line":64,"column":63},"end":{"line":64,"column":null}}],"line":64},"11":{"loc":{"start":{"line":70,"column":2},"end":{"line":73,"column":null}},"type":"if","locations":[{"start":{"line":70,"column":2},"end":{"line":73,"column":null}},{"start":{},"end":{}}],"line":70},"12":{"loc":{"start":{"line":72,"column":59},"end":{"line":72,"column":102}},"type":"binary-expr","locations":[{"start":{"line":72,"column":59},"end":{"line":72,"column":83}},{"start":{"line":72,"column":83},"end":{"line":72,"column":102}}],"line":72},"13":{"loc":{"start":{"line":76,"column":9},"end":{"line":76,"column":null}},"type":"binary-expr","locations":[{"start":{"line":76,"column":9},"end":{"line":76,"column":28}},{"start":{"line":76,"column":28},"end":{"line":76,"column":null}}],"line":76},"14":{"loc":{"start":{"line":82,"column":2},"end":{"line":84,"column":null}},"type":"if","locations":[{"start":{"line":82,"column":2},"end":{"line":84,"column":null}},{"start":{},"end":{}}],"line":82},"15":{"loc":{"start":{"line":93,"column":2},"end":{"line":95,"column":null}},"type":"if","locations":[{"start":{"line":93,"column":2},"end":{"line":95,"column":null}},{"start":{},"end":{}}],"line":93},"16":{"loc":{"start":{"line":106,"column":2},"end":{"line":115,"column":null}},"type":"if","locations":[{"start":{"line":106,"column":2},"end":{"line":115,"column":null}},{"start":{"line":112,"column":9},"end":{"line":115,"column":null}}],"line":106},"17":{"loc":{"start":{"line":111,"column":12},"end":{"line":111,"column":null}},"type":"binary-expr","locations":[{"start":{"line":111,"column":12},"end":{"line":111,"column":40}},{"start":{"line":111,"column":40},"end":{"line":111,"column":91}},{"start":{"line":111,"column":91},"end":{"line":111,"column":null}}],"line":111},"18":{"loc":{"start":{"line":114,"column":12},"end":{"line":114,"column":null}},"type":"binary-expr","locations":[{"start":{"line":114,"column":12},"end":{"line":114,"column":63}},{"start":{"line":114,"column":63},"end":{"line":114,"column":null}}],"line":114},"19":{"loc":{"start":{"line":128,"column":2},"end":{"line":130,"column":null}},"type":"if","locations":[{"start":{"line":128,"column":2},"end":{"line":130,"column":null}},{"start":{},"end":{}}],"line":128},"20":{"loc":{"start":{"line":136,"column":2},"end":{"line":143,"column":null}},"type":"if","locations":[{"start":{"line":136,"column":2},"end":{"line":143,"column":null}},{"start":{},"end":{}}],"line":136},"21":{"loc":{"start":{"line":136,"column":6},"end":{"line":136,"column":63}},"type":"binary-expr","locations":[{"start":{"line":136,"column":6},"end":{"line":136,"column":35}},{"start":{"line":136,"column":35},"end":{"line":136,"column":63}}],"line":136},"22":{"loc":{"start":{"line":149,"column":2},"end":{"line":151,"column":null}},"type":"if","locations":[{"start":{"line":149,"column":2},"end":{"line":151,"column":null}},{"start":{},"end":{}}],"line":149},"23":{"loc":{"start":{"line":162,"column":2},"end":{"line":171,"column":null}},"type":"if","locations":[{"start":{"line":162,"column":2},"end":{"line":171,"column":null}},{"start":{"line":168,"column":9},"end":{"line":171,"column":null}}],"line":162},"24":{"loc":{"start":{"line":167,"column":12},"end":{"line":167,"column":null}},"type":"binary-expr","locations":[{"start":{"line":167,"column":12},"end":{"line":167,"column":40}},{"start":{"line":167,"column":40},"end":{"line":167,"column":91}},{"start":{"line":167,"column":91},"end":{"line":167,"column":null}}],"line":167},"25":{"loc":{"start":{"line":170,"column":12},"end":{"line":170,"column":null}},"type":"binary-expr","locations":[{"start":{"line":170,"column":12},"end":{"line":170,"column":63}},{"start":{"line":170,"column":63},"end":{"line":170,"column":null}}],"line":170},"26":{"loc":{"start":{"line":184,"column":2},"end":{"line":198,"column":null}},"type":"switch","locations":[{"start":{"line":185,"column":4},"end":{"line":186,"column":null}},{"start":{"line":187,"column":4},"end":{"line":197,"column":null}}],"line":184},"27":{"loc":{"start":{"line":188,"column":6},"end":{"line":197,"column":null}},"type":"switch","locations":[{"start":{"line":189,"column":8},"end":{"line":190,"column":null}},{"start":{"line":191,"column":8},"end":{"line":192,"column":null}},{"start":{"line":193,"column":8},"end":{"line":194,"column":null}},{"start":{"line":195,"column":8},"end":{"line":196,"column":null}}],"line":188}},"s":{"0":2,"1":16,"2":16,"3":16,"4":16,"5":47,"6":47,"7":15,"8":2,"9":0,"10":0,"11":0,"12":0,"13":0,"14":0,"15":0,"16":0,"17":0,"18":0,"19":0,"20":0,"21":0,"22":0,"23":2,"24":0,"25":0,"26":0,"27":0,"28":0,"29":0,"30":0,"31":0,"32":0,"33":0,"34":0,"35":0,"36":0,"37":0,"38":0,"39":0,"40":2,"41":0,"42":0,"43":0,"44":0,"45":0,"46":0,"47":0,"48":0,"49":0,"50":0,"51":0,"52":0,"53":0,"54":0,"55":0,"56":0,"57":0,"58":0,"59":2,"60":0,"61":0,"62":0,"63":0,"64":0,"65":0,"66":0,"67":0,"68":0,"69":0,"70":0,"71":0,"72":0,"73":0,"74":0,"75":0,"76":0,"77":0,"78":0,"79":0,"80":0,"81":2,"82":16,"83":16,"84":0,"85":0,"86":0,"87":0,"88":0},"f":{"0":16,"1":0,"2":0,"3":0,"4":0,"5":0,"6":0,"7":16},"b":{"0":[47,0],"1":[0,0],"2":[0,0],"3":[0,0],"4":[0,0],"5":[0,0],"6":[0,0],"7":[0,0],"8":[0,0],"9":[0,0],"10":[0,0],"11":[0,0],"12":[0,0],"13":[0,0],"14":[0,0],"15":[0,0],"16":[0,0],"17":[0,0,0],"18":[0,0],"19":[0,0],"20":[0,0],"21":[0,0],"22":[0,0],"23":[0,0],"24":[0,0,0],"25":[0,0],"26":[16,0],"27":[0,0,0,0]},"meta":{"lastBranch":28,"lastFunction":8,"lastStatement":89,"seen":{"s:10:29:19:Infinity":0,"f:10:29:10:36":0,"s:11:17:11:Infinity":1,"s:13:8:13:Infinity":2,"s:14:28:14:Infinity":3,"s:15:2:17:Infinity":4,"b:16:4:16:Infinity:undefined:undefined:undefined:undefined":0,"s:16:4:16:Infinity":5,"s:16:25:16:Infinity":6,"s:18:2:18:Infinity":7,"s:22:57:46:Infinity":8,"f:22:57:22:64":1,"s:24:22:24:Infinity":9,"s:25:27:25:Infinity":10,"b:27:2:30:Infinity:undefined:undefined:undefined:undefined":1,"s:27:2:30:Infinity":11,"s:28:18:28:Infinity":12,"s:29:4:29:Infinity":13,"b:29:61:29:85:29:85:29:112":2,"s:32:19:32:Infinity":14,"s:33:20:33:Infinity":15,"b:33:20:33:63:33:63:33:Infinity":3,"s:36:14:36:Infinity":16,"s:37:19:37:Infinity":17,"b:39:2:42:Infinity:undefined:undefined:undefined:undefined":4,"s:39:2:42:Infinity":18,"s:40:18:40:Infinity":19,"s:41:4:41:Infinity":20,"b:41:59:41:83:41:83:41:102":5,"s:44:19:44:Infinity":21,"s:45:2:45:Infinity":22,"b:45:9:45:28:45:28:45:Infinity":6,"s:49:77:77:Infinity":23,"f:49:77:49:84":2,"b:50:2:52:Infinity:undefined:undefined:undefined:undefined":7,"s:50:2:52:Infinity":24,"s:51:4:51:Infinity":25,"s:55:22:55:Infinity":26,"s:56:27:56:Infinity":27,"b:58:2:61:Infinity:undefined:undefined:undefined:undefined":8,"s:58:2:61:Infinity":28,"s:59:18:59:Infinity":29,"s:60:4:60:Infinity":30,"b:60:61:60:85:60:85:60:112":9,"s:63:19:63:Infinity":31,"s:64:20:64:Infinity":32,"b:64:20:64:63:64:63:64:Infinity":10,"s:67:14:67:Infinity":33,"s:68:19:68:Infinity":34,"b:70:2:73:Infinity:undefined:undefined:undefined:undefined":11,"s:70:2:73:Infinity":35,"s:71:18:71:Infinity":36,"s:72:4:72:Infinity":37,"b:72:59:72:83:72:83:72:102":12,"s:75:19:75:Infinity":38,"s:76:2:76:Infinity":39,"b:76:9:76:28:76:28:76:Infinity":13,"s:81:71:123:Infinity":40,"f:81:71:81:78":3,"b:82:2:84:Infinity:undefined:undefined:undefined:undefined":14,"s:82:2:84:Infinity":41,"s:83:4:83:Infinity":42,"s:86:15:86:Infinity":43,"s:87:2:87:Infinity":44,"s:89:17:89:Infinity":45,"s:92:16:92:Infinity":46,"b:93:2:95:Infinity:undefined:undefined:undefined:undefined":15,"s:93:2:95:Infinity":47,"s:94:4:94:Infinity":48,"s:96:24:96:Infinity":49,"s:99:22:101:Infinity":50,"s:104:25:104:Infinity":51,"b:106:2:115:Infinity:112:9:115:Infinity":16,"s:106:2:115:Infinity":52,"s:108:18:110:Infinity":53,"f:109:6:109:7":4,"s:109:13:109:Infinity":54,"s:111:4:111:Infinity":55,"b:111:12:111:40:111:40:111:91:111:91:111:Infinity":17,"s:114:4:114:Infinity":56,"b:114:12:114:63:114:63:114:Infinity":18,"s:117:19:120:Infinity":57,"s:122:2:122:Infinity":58,"s:127:77:179:Infinity":59,"f:127:77:127:84":5,"b:128:2:130:Infinity:undefined:undefined:undefined:undefined":19,"s:128:2:130:Infinity":60,"s:129:4:129:Infinity":61,"s:132:17:132:Infinity":62,"s:135:22:135:Infinity":63,"b:136:2:143:Infinity:undefined:undefined:undefined:undefined":20,"s:136:2:143:Infinity":64,"b:136:6:136:35:136:35:136:63":21,"s:138:20:141:Infinity":65,"s:142:4:142:Infinity":66,"s:145:17:145:Infinity":67,"s:148:16:148:Infinity":68,"b:149:2:151:Infinity:undefined:undefined:undefined:undefined":22,"s:149:2:151:Infinity":69,"s:150:4:150:Infinity":70,"s:152:24:152:Infinity":71,"s:155:22:157:Infinity":72,"s:160:25:160:Infinity":73,"b:162:2:171:Infinity:168:9:171:Infinity":23,"s:162:2:171:Infinity":74,"s:164:18:166:Infinity":75,"f:165:6:165:7":6,"s:165:13:165:Infinity":76,"s:167:4:167:Infinity":77,"b:167:12:167:40:167:40:167:91:167:91:167:Infinity":24,"s:170:4:170:Infinity":78,"b:170:12:170:63:170:63:170:Infinity":25,"s:173:19:176:Infinity":79,"s:178:2:178:Infinity":80,"s:183:42:199:Infinity":81,"f:183:42:183:49":7,"b:185:4:186:Infinity:187:4:197:Infinity":26,"s:184:2:198:Infinity":82,"s:186:6:186:Infinity":83,"b:189:8:190:Infinity:191:8:192:Infinity:193:8:194:Infinity:195:8:196:Infinity":27,"s:188:6:197:Infinity":84,"s:190:10:190:Infinity":85,"s:192:10:192:Infinity":86,"s:194:10:194:Infinity":87,"s:196:10:196:Infinity":88}}}
}
